Using pre-set license
Built from '2020.3/staging' branch; Version is '2020.3.25f1 (9b9180224418) revision 10195328'; Using compiler version '192528614'; Build Type 'Release'
OS: 'Windows 10  (10.0.19044) 64bit Core' Language: 'en' Physical Memory: 8125 MB
BatchMode: 1, IsHumanControllingUs: 0, StartBugReporterOnCrash: 0, Is64bit: 1, IsPro: 0

COMMAND LINE ARGUMENTS:
C:\Program Files\Unity\Hub\Editor\2020.3.25f1\Editor\Unity.exe
-adb2
-batchMode
-noUpm
-name
AssetImportWorker0
-projectPath
D:/Unity 2022/TRIVIA STAR Quiz Games Offline_v1.176
-logFile
Logs/AssetImportWorker0.log
-srvPort
58193
Successfully changed project path to: D:/Unity 2022/TRIVIA STAR Quiz Games Offline_v1.176
D:/Unity 2022/TRIVIA STAR Quiz Games Offline_v1.176
Using Asset Import Pipeline V2.
Refreshing native plugins compatible for Editor in 84.83 ms, found 2 plugins.
Preloading 0 native plugins for Editor in 0.00 ms.
Initialize engine version: 2020.3.25f1 (9b9180224418)
[Subsystems] Discovering subsystems at path C:/Program Files/Unity/Hub/Editor/2020.3.25f1/Editor/Data/Resources/UnitySubsystems
[Subsystems] Discovering subsystems at path D:/Unity 2022/TRIVIA STAR Quiz Games Offline_v1.176/Assets
GfxDevice: creating device client; threaded=0
Direct3D:
    Version:  Direct3D 11.0 [level 11.1]
    Renderer: AMD Radeon HD 7700 Series (ID=0x665c)
    Vendor:   
    VRAM:     1000 MB
    Driver:   26.20.12028.2
Initialize mono
Mono path[0] = 'C:/Program Files/Unity/Hub/Editor/2020.3.25f1/Editor/Data/Managed'
Mono path[1] = 'C:/Program Files/Unity/Hub/Editor/2020.3.25f1/Editor/Data/MonoBleedingEdge/lib/mono/unityjit'
Mono config path = 'C:/Program Files/Unity/Hub/Editor/2020.3.25f1/Editor/Data/MonoBleedingEdge/etc'
Using monoOptions --debugger-agent=transport=dt_socket,embedding=1,server=y,suspend=n,address=127.0.0.1:56172
Begin MonoManager ReloadAssembly
Registering precompiled unity dll's ...
Register platform support module: C:/Program Files/Unity/Hub/Editor/2020.3.25f1/Editor/Data/PlaybackEngines/WindowsStandaloneSupport/UnityEditor.WindowsStandalone.Extensions.dll
Registered in 0.002018 seconds.
Native extension for WindowsStandalone target not found
Refreshing native plugins compatible for Editor in 79.71 ms, found 2 plugins.
Preloading 0 native plugins for Editor in 0.00 ms.
Mono: successfully reloaded assembly
- Completed reload, in  0.647 seconds
Domain Reload Profiling:
	ReloadAssembly (647ms)
		BeginReloadAssembly (56ms)
			ExecutionOrderSort (0ms)
			DisableScriptedObjects (0ms)
			BackupInstance (0ms)
			ReleaseScriptingObjects (0ms)
			CreateAndSetChildDomain (1ms)
		EndReloadAssembly (515ms)
			LoadAssemblies (54ms)
			RebuildTransferFunctionScriptingTraits (0ms)
			SetupTypeCache (164ms)
			ReleaseScriptCaches (0ms)
			RebuildScriptCaches (32ms)
			SetupLoadedEditorAssemblies (208ms)
				LogAssemblyErrors (0ms)
				InitializePlatformSupportModulesInManaged (5ms)
				SetLoadedEditorAssemblies (0ms)
				RefreshPlugins (80ms)
				BeforeProcessingInitializeOnLoad (16ms)
				ProcessInitializeOnLoadAttributes (79ms)
				ProcessInitializeOnLoadMethodAttributes (28ms)
				AfterProcessingInitializeOnLoad (0ms)
				EditorAssembliesLoaded (0ms)
			ExecutionOrderSort2 (0ms)
			AwakeInstancesAfterBackupRestoration (0ms)
Platform modules already initialized, skipping
Registering precompiled user dll's ...
Registered in 0.011014 seconds.
Begin MonoManager ReloadAssembly
Error: Could not load signature of DG.Tweening.ShortcutExtensions46:DOColor due to: Could not load file or assembly 'UnityEngine.UI, Version=1.0.0.0, Culture=neutral, PublicKeyToken=null' or one of its dependencies. assembly:UnityEngine.UI, Version=1.0.0.0, Culture=neutral, PublicKeyToken=null type:<unknown type> member:(null) signature:<none>
Unloading broken assembly Assets/Plugins/DOTween46.dll, this assembly can cause crashes in the runtime
Unloading broken assembly Assets/Plugins/Coffee.UIParticle.dll, this assembly can cause crashes in the runtime
Native extension for WindowsStandalone target not found
Refreshing native plugins compatible for Editor in 1.17 ms, found 2 plugins.
Preloading 0 native plugins for Editor in 0.00 ms.
Mono: successfully reloaded assembly
- Completed reload, in  0.879 seconds
Domain Reload Profiling:
	ReloadAssembly (880ms)
		BeginReloadAssembly (142ms)
			ExecutionOrderSort (0ms)
			DisableScriptedObjects (5ms)
			BackupInstance (0ms)
			ReleaseScriptingObjects (0ms)
			CreateAndSetChildDomain (20ms)
		EndReloadAssembly (678ms)
			LoadAssemblies (100ms)
			RebuildTransferFunctionScriptingTraits (0ms)
			SetupTypeCache (248ms)
			ReleaseScriptCaches (1ms)
			RebuildScriptCaches (31ms)
			SetupLoadedEditorAssemblies (205ms)
				LogAssemblyErrors (0ms)
				InitializePlatformSupportModulesInManaged (4ms)
				SetLoadedEditorAssemblies (0ms)
				RefreshPlugins (1ms)
				BeforeProcessingInitializeOnLoad (101ms)
				ProcessInitializeOnLoadAttributes (88ms)
				ProcessInitializeOnLoadMethodAttributes (4ms)
				AfterProcessingInitializeOnLoad (6ms)
				EditorAssembliesLoaded (0ms)
			ExecutionOrderSort2 (0ms)
			AwakeInstancesAfterBackupRestoration (7ms)
Platform modules already initialized, skipping
========================================================================
Worker process is ready to serve import requests
Launched and connected shader compiler UnityShaderCompiler.exe after 0.13 seconds
Refreshing native plugins compatible for Editor in 1.25 ms, found 2 plugins.
Preloading 0 native plugins for Editor in 0.00 ms.
Unloading 4927 Unused Serialized files (Serialized files now loaded: 0)
System memory in use before: 172.1 MB.
System memory in use after: 172.4 MB.

Unloading 37 unused Assets to reduce memory usage. Loaded Objects now: 5372.
Total: 6.408200 ms (FindLiveObjects: 0.412600 ms CreateObjectMapping: 0.282700 ms MarkObjects: 5.630800 ms  DeleteObjects: 0.080600 ms)

AssetImportParameters requested are different than current active one (requested -> active):
  custom:framework-win-MediaFoundation: 216162199b28c13a410421893ffa2e32 -> 
  custom:video-decoder-ogg-theora: a1e56fd34408186e4bbccfd4996cb3dc -> 
  custom:container-muxer-webm: aa71ff27fc2769a1b78a27578f13a17b -> 
  custom:container-demuxer-webm: 4f35f7cbe854078d1ac9338744f61a02 -> 
  custom:container-demuxer-ogg: 62fdf1f143b41e24485cea50d1cbac27 -> 
  custom:video-encoder-webm-vp8: eb34c28f22e8b96e1ab97ce403110664 -> 
  custom:video-decoder-webm-vp8: 9c59270c3fd7afecdb556c50c9e8de78 -> 
  custom:audio-decoder-ogg-vorbis: bf7c407c2cedff20999df2af8eb42d56 -> 
  custom:audio-encoder-webm-vorbis: bf7c407c2cedff20999df2af8eb42d56 -> 
========================================================================
Received Import Request.
  path: Assets/Resources/game/trivia/monolithwindows/skeuomorphic/PiggyBankPopup.prefab
  artifactKey: Guid(f1b3f3444fcb4b9583486ca959dfd198) Importer(815301076,1909f56bfc062723c751e8b465ee728b)
Start importing Assets/Resources/game/trivia/monolithwindows/skeuomorphic/PiggyBankPopup.prefab using Guid(f1b3f3444fcb4b9583486ca959dfd198) Importer(815301076,1909f56bfc062723c751e8b465ee728b)  -> (artifact id: 'e189044e9982fdc1c424d9bc59c837d2') in 0.073145 seconds 
  Import took 0.084475 seconds .

========================================================================
Received Import Request.
  Time since last request: 0.000675 seconds.
  path: Assets/Resources/game/trivia/monolithwindows/skeuomorphic/TRVBigQuizEventPopup.prefab
  artifactKey: Guid(948a2bb283634594a5f6405cbe15f45e) Importer(815301076,1909f56bfc062723c751e8b465ee728b)
Start importing Assets/Resources/game/trivia/monolithwindows/skeuomorphic/TRVBigQuizEventPopup.prefab using Guid(948a2bb283634594a5f6405cbe15f45e) Importer(815301076,1909f56bfc062723c751e8b465ee728b)  -> (artifact id: '9bfccd87d2c3e6aaadade9dc1f738557') in 0.012684 seconds 
  Import took 0.022977 seconds .

========================================================================
Received Import Request.
  Time since last request: 0.000235 seconds.
  path: Assets/Resources/game/trivia/monolithwindows/skeuomorphic/TournamentsPopup.prefab
  artifactKey: Guid(6052c934ccc84c53996b604be82196da) Importer(815301076,1909f56bfc062723c751e8b465ee728b)
Start importing Assets/Resources/game/trivia/monolithwindows/skeuomorphic/TournamentsPopup.prefab using Guid(6052c934ccc84c53996b604be82196da) Importer(815301076,1909f56bfc062723c751e8b465ee728b)  -> (artifact id: 'f64b5de70237d932175ed50587e41bbb') in 0.025272 seconds 
  Import took 0.035270 seconds .

========================================================================
Received Import Request.
  Time since last request: 17.947802 seconds.
  path: Assets/Resources/data/umbrella/precached/networkgameicon256-BNGa-R4.png
  artifactKey: Guid(7a23efea8f8e441dae4acdcf2d8967ba) Importer(815301076,1909f56bfc062723c751e8b465ee728b)
Start importing Assets/Resources/data/umbrella/precached/networkgameicon256-BNGa-R4.png using Guid(7a23efea8f8e441dae4acdcf2d8967ba) Importer(815301076,1909f56bfc062723c751e8b465ee728b)  -> (artifact id: '67790d65e112adf6fd881627fdbf49e2') in 0.147026 seconds 
  Import took 0.155476 seconds .

========================================================================
Received Import Request.
  Time since last request: 0.047681 seconds.
  path: Assets/Resources/data/umbrella/precached/networkgameicon256-HOTVa-U5.png
  artifactKey: Guid(a5bef4976d4d497c8acb15913f5fafcf) Importer(815301076,1909f56bfc062723c751e8b465ee728b)
Start importing Assets/Resources/data/umbrella/precached/networkgameicon256-HOTVa-U5.png using Guid(a5bef4976d4d497c8acb15913f5fafcf) Importer(815301076,1909f56bfc062723c751e8b465ee728b)  -> (artifact id: '929af2cbc0b298f56f71fc177699e68b') in 0.024011 seconds 
  Import took 0.033029 seconds .

========================================================================
Received Import Request.
  Time since last request: 0.518608 seconds.
  path: Assets/Resources/data/umbrella/precached/networkgameicon256-VIPa-Q3.png
  artifactKey: Guid(37bd5c35b4ba40be8d8854e239db8621) Importer(815301076,1909f56bfc062723c751e8b465ee728b)
Start importing Assets/Resources/data/umbrella/precached/networkgameicon256-VIPa-Q3.png using Guid(37bd5c35b4ba40be8d8854e239db8621) Importer(815301076,1909f56bfc062723c751e8b465ee728b)  -> (artifact id: '40d057121a6cf7f971041b7987ab265f') in 0.020295 seconds 
  Import took 0.031129 seconds .

========================================================================
Received Import Request.
  Time since last request: 0.512716 seconds.
  path: Assets/Resources/data/umbrella/precached/networkgameicon256-WADa-I1.png
  artifactKey: Guid(3006a89700024e67a1f84a26f71821ef) Importer(815301076,1909f56bfc062723c751e8b465ee728b)
Start importing Assets/Resources/data/umbrella/precached/networkgameicon256-WADa-I1.png using Guid(3006a89700024e67a1f84a26f71821ef) Importer(815301076,1909f56bfc062723c751e8b465ee728b)  -> (artifact id: '564abf5875077d4a0a10f371c39c9d18') in 0.020289 seconds 
  Import took 0.030345 seconds .

========================================================================
Received Import Request.
  Time since last request: 4.253990 seconds.
  path: Assets/Resources/data/umbrella/wordaddict/alphabet_collection_en.txt
  artifactKey: Guid(b6d4fd7bb446423b8e0241503931b186) Importer(815301076,1909f56bfc062723c751e8b465ee728b)
Start importing Assets/Resources/data/umbrella/wordaddict/alphabet_collection_en.txt using Guid(b6d4fd7bb446423b8e0241503931b186) Importer(815301076,1909f56bfc062723c751e8b465ee728b)  -> (artifact id: 'b4f57111ccfd6744c98c25668e3a6446') in 0.015671 seconds 
  Import took 0.026065 seconds .

========================================================================
Received Import Request.
  Time since last request: 2.589532 seconds.
  path: Assets/Resources/data/umbrella/wordaddict/alphabet_collection_es.txt
  artifactKey: Guid(794aaa2553734588983b56331f4fe8b4) Importer(815301076,1909f56bfc062723c751e8b465ee728b)
Start importing Assets/Resources/data/umbrella/wordaddict/alphabet_collection_es.txt using Guid(794aaa2553734588983b56331f4fe8b4) Importer(815301076,1909f56bfc062723c751e8b465ee728b)  -> (artifact id: '335640c5e0fec53d5ab35c96c404a2cc') in 0.005958 seconds 
  Import took 0.015352 seconds .

========================================================================
Received Import Request.
  Time since last request: 0.584303 seconds.
  path: Assets/Resources/data/umbrella/wordaddict/alphabet_rarity_en.txt
  artifactKey: Guid(aa698ddaf89f4677af2263d6bbb736a4) Importer(815301076,1909f56bfc062723c751e8b465ee728b)
Start importing Assets/Resources/data/umbrella/wordaddict/alphabet_rarity_en.txt using Guid(aa698ddaf89f4677af2263d6bbb736a4) Importer(815301076,1909f56bfc062723c751e8b465ee728b)  -> (artifact id: '4cc85047fcca11f9303228eff9ac2ac0') in 0.005557 seconds 
  Import took 0.015651 seconds .

========================================================================
Received Import Request.
  Time since last request: 1.818470 seconds.
  path: Assets/Resources/data/umbrella/wordaddict/alphabet_rarity_es.txt
  artifactKey: Guid(cc5721cb10634210beca4b7f2fecdc26) Importer(815301076,1909f56bfc062723c751e8b465ee728b)
Start importing Assets/Resources/data/umbrella/wordaddict/alphabet_rarity_es.txt using Guid(cc5721cb10634210beca4b7f2fecdc26) Importer(815301076,1909f56bfc062723c751e8b465ee728b)  -> (artifact id: 'aa066fdda35a7e8e02a51be926146838') in 0.007745 seconds 
  Import took 0.019883 seconds .

========================================================================
Received Import Request.
  Time since last request: 3.495223 seconds.
  path: Assets/Resources/data/umbrella/wordnut/alphabet_collection_en.txt
  artifactKey: Guid(fbf3d3ef46044c55be2bef733a3074cc) Importer(815301076,1909f56bfc062723c751e8b465ee728b)
Start importing Assets/Resources/data/umbrella/wordnut/alphabet_collection_en.txt using Guid(fbf3d3ef46044c55be2bef733a3074cc) Importer(815301076,1909f56bfc062723c751e8b465ee728b)  -> (artifact id: '88a186ea88355aa799425169b2ee6dc2') in 0.003353 seconds 
  Import took 0.013635 seconds .

========================================================================
Received Import Request.
  Time since last request: 2.342399 seconds.
  path: Assets/Resources/data/umbrella/wordnut/alphabet_collection_es.txt
  artifactKey: Guid(04d1bf67d0294d7cb0c7a86f6e7baadd) Importer(815301076,1909f56bfc062723c751e8b465ee728b)
Start importing Assets/Resources/data/umbrella/wordnut/alphabet_collection_es.txt using Guid(04d1bf67d0294d7cb0c7a86f6e7baadd) Importer(815301076,1909f56bfc062723c751e8b465ee728b)  -> (artifact id: '454adcc44856d7a3db35a317b0af37a6') in 0.003068 seconds 
  Import took 0.014927 seconds .

========================================================================
Received Import Request.
  Time since last request: 0.296806 seconds.
  path: Assets/Resources/data/umbrella/wordnut/alphabet_rarity_en.txt
  artifactKey: Guid(2f503b22e76340e5be02be107127dd65) Importer(815301076,1909f56bfc062723c751e8b465ee728b)
Start importing Assets/Resources/data/umbrella/wordnut/alphabet_rarity_en.txt using Guid(2f503b22e76340e5be02be107127dd65) Importer(815301076,1909f56bfc062723c751e8b465ee728b)  -> (artifact id: 'f0e6de7c69fd259a068c6fb41d1adf06') in 0.002943 seconds 
  Import took 0.013002 seconds .

========================================================================
Received Import Request.
  Time since last request: 1.488403 seconds.
  path: Assets/Resources/data/umbrella/wordnut/alphabet_rarity_es.txt
  artifactKey: Guid(13b8e64131b1484182df7b5d2a233537) Importer(815301076,1909f56bfc062723c751e8b465ee728b)
Start importing Assets/Resources/data/umbrella/wordnut/alphabet_rarity_es.txt using Guid(13b8e64131b1484182df7b5d2a233537) Importer(815301076,1909f56bfc062723c751e8b465ee728b)  -> (artifact id: '4c117980c3f3a3de07be0b0a2ba5e0f3') in 0.002393 seconds 
  Import took 0.012293 seconds .

========================================================================
Received Import Request.
  Time since last request: 17.076319 seconds.
  path: Assets/Resources/pergameconfigs/WordAddict.txt
  artifactKey: Guid(29e66ae9b12248b1b8df38453b85bbaa) Importer(815301076,1909f56bfc062723c751e8b465ee728b)
Start importing Assets/Resources/pergameconfigs/WordAddict.txt using Guid(29e66ae9b12248b1b8df38453b85bbaa) Importer(815301076,1909f56bfc062723c751e8b465ee728b)  -> (artifact id: '519077f85ce940482cc7055f3a2b5ac8') in 0.006725 seconds 
  Import took 0.018293 seconds .

========================================================================
Received Import Request.
  Time since last request: 14.305877 seconds.
  path: Assets/Resources/srdebugger/ui
  artifactKey: Guid(cedadcc6bbf96b64b82e0d4fbd0e3485) Importer(815301076,1909f56bfc062723c751e8b465ee728b)
Start importing Assets/Resources/srdebugger/ui using Guid(cedadcc6bbf96b64b82e0d4fbd0e3485) Importer(815301076,1909f56bfc062723c751e8b465ee728b)  -> (artifact id: '4d74b044eb7007907d8cc273608397aa') in 0.009277 seconds 
  Import took 0.021258 seconds .

========================================================================
Received Import Request.
  Time since last request: 1.392431 seconds.
  path: Assets/Resources/srdebugger/ui/prefabs
  artifactKey: Guid(af9f1540352350c48ab0ed2016b33860) Importer(815301076,1909f56bfc062723c751e8b465ee728b)
Start importing Assets/Resources/srdebugger/ui/prefabs using Guid(af9f1540352350c48ab0ed2016b33860) Importer(815301076,1909f56bfc062723c751e8b465ee728b)  -> (artifact id: '60342e133f26993aa04fceb5e2961a23') in 0.007578 seconds 
  Import took 0.016759 seconds .

AssetImportWorkerClient::OnTransportError - code=2 error=End of file
